<?xml version="1.0" encoding="utf-8"?>
<TestRun id="8429635c-78f3-4ac6-9448-5fe9233fb50c" name="@wowaster 2023-03-25 17:06:14" xmlns="http://microsoft.com/schemas/VisualStudio/TeamTest/2010">
  <Times creation="2023-03-25T17:06:14.1850634+03:00" queuing="2023-03-25T17:06:14.1850635+03:00" start="2023-03-25T17:06:13.6163742+03:00" finish="2023-03-25T17:06:14.1860053+03:00" />
  <TestSettings name="default" id="0f064791-f567-45b0-aa3c-0cc805021b2c">
    <Deployment runDeploymentRoot="_wowaster_2023-03-25_17_06_14" />
  </TestSettings>
  <TestLists>
    <TestList name="Results Not in a List" id="8c84fa94-04c1-424b-9868-57a2d4851a1d" />
    <TestList name="All Loaded Results" id="19431567-8539-422a-85d7-44ee4e166bda" />
  </TestLists>
  <ResultSummary outcome="Failed">
    <Counters total="0" executed="0" passed="0" failed="0" error="0" timeout="0" aborted="0" inconclusive="0" passedButRunAborted="0" notRunnable="0" notExecuted="0" disconnected="0" warning="0" completed="0" inProgress="0" pending="0" />
    <Output>
      <StdOut>NUnit Adapter 4.4.0.0: Test execution started
</StdOut>
    </Output>
    <RunInfos>
      <RunInfo computerName="wowaster" outcome="Min" timestamp="2023-03-25T17:06:14.0868108+03:00">
        <Text>An exception occurred while invoking executor 'executor://nunit3testexecutor/': Incorrect format for TestCaseFilter Error: Empty parenthesis ( ). Specify the correct format and try again. Note that the incorrect format can lead to no test getting executed.
Stack trace:
   at Microsoft.VisualStudio.TestPlatform.CrossPlatEngine.Discovery.DiscoveryContext.GetTestCaseFilter(IEnumerable`1 supportedProperties, Func`2 propertyProvider)
   at NUnit.VisualStudio.TestAdapter.VsTestFilter.get_TfsTestCaseFilterExpression() in D:\repos\NUnit\nunit3-vs-adapter\src\NUnitTestAdapter\VsTestFilter.cs:line 100
   at NUnit.VisualStudio.TestAdapter.VsTestFilter.get_IsEmpty() in D:\repos\NUnit\nunit3-vs-adapter\src\NUnitTestAdapter\VsTestFilter.cs:line 102
   at NUnit.VisualStudio.TestAdapter.NUnit3TestExecutor.InitializeForExecution(IRunContext runContext, IFrameworkHandle frameworkHandle) in D:\repos\NUnit\nunit3-vs-adapter\src\NUnitTestAdapter\NUnit3TestExecutor.cs:line 261
   at NUnit.VisualStudio.TestAdapter.NUnit3TestExecutor.RunTests(IEnumerable`1 sources, IRunContext runContext, IFrameworkHandle frameworkHandle) in D:\repos\NUnit\nunit3-vs-adapter\src\NUnitTestAdapter\NUnit3TestExecutor.cs:line 108
   at Microsoft.VisualStudio.TestPlatform.Common.ExtensionDecorators.SerialTestRunDecorator.RunTests(IEnumerable`1 sources, IRunContext runContext, IFrameworkHandle frameworkHandle)
   at Microsoft.VisualStudio.TestPlatform.CrossPlatEngine.Execution.RunTestsWithSources.InvokeExecutor(LazyExtension`2 executor, Tuple`2 executorUriExtensionTuple, RunContext runContext, IFrameworkHandle frameworkHandle)
   at Microsoft.VisualStudio.TestPlatform.CrossPlatEngine.Execution.BaseRunTests.RunTestInternalWithExecutors(IEnumerable`1 executorUriExtensionMap, Int64 totalTests)
</Text>
      </RunInfo>
    </RunInfos>
  </ResultSummary>
</TestRun>